/opt/vol1/home/dpgaspar/workarea/preset/v_fab/lib/python3.6/site-packages/flask_sqlalchemy/__init__.py:835: FSADeprecationWarning: SQLALCHEMY_TRACK_MODIFICATIONS adds significant overhead and will be disabled by default in the future.  Set it to True or False to suppress this warning.
  'SQLALCHEMY_TRACK_MODIFICATIONS adds significant overhead and '
2019-07-26 13:57:37,457:INFO:flask_appbuilder.base:Registering class IndexView on menu 
2019-07-26 13:57:37,457:INFO:flask_appbuilder.baseviews:Registering route / ('GET',)
2019-07-26 13:57:37,459:INFO:flask_appbuilder.base:Registering class UtilView on menu 
2019-07-26 13:57:37,459:INFO:flask_appbuilder.baseviews:Registering route /back ('GET',)
2019-07-26 13:57:37,461:INFO:flask_appbuilder.base:Registering class LocaleView on menu 
2019-07-26 13:57:37,461:INFO:flask_appbuilder.baseviews:Registering route /lang/<string:locale> ('GET',)
2019-07-26 13:57:37,463:INFO:flask_appbuilder.base:Registering class SecurityApi on menu 
2019-07-26 13:57:37,463:INFO:flask_appbuilder.api:Registering route /api/v1/security/login ['POST']
2019-07-26 13:57:37,463:INFO:flask_appbuilder.api:Registering route /api/v1/security/refresh ['POST']
2019-07-26 13:57:37,466:INFO:flask_appbuilder.base:Registering class ResetPasswordView on menu 
2019-07-26 13:57:37,466:INFO:flask_appbuilder.baseviews:Registering route /resetpassword/form ['GET']
2019-07-26 13:57:37,466:INFO:flask_appbuilder.baseviews:Registering route /resetpassword/form ['POST']
2019-07-26 13:57:37,472:INFO:flask_appbuilder.base:Registering class ResetMyPasswordView on menu 
2019-07-26 13:57:37,473:INFO:flask_appbuilder.baseviews:Registering route /resetmypassword/form ['GET']
2019-07-26 13:57:37,473:INFO:flask_appbuilder.baseviews:Registering route /resetmypassword/form ['POST']
2019-07-26 13:57:37,477:INFO:flask_appbuilder.base:Registering class UserInfoEditView on menu 
2019-07-26 13:57:37,477:INFO:flask_appbuilder.baseviews:Registering route /userinfoeditview/form ['GET']
2019-07-26 13:57:37,477:INFO:flask_appbuilder.baseviews:Registering route /userinfoeditview/form ['POST']
2019-07-26 13:57:37,481:INFO:flask_appbuilder.base:Registering class AuthDBView on menu 
2019-07-26 13:57:37,481:INFO:flask_appbuilder.baseviews:Registering route /login/ ['GET', 'POST']
2019-07-26 13:57:37,481:INFO:flask_appbuilder.baseviews:Registering route /logout/ ('GET',)
2019-07-26 13:57:37,487:INFO:flask_appbuilder.base:Registering class UserDBModelView on menu List Users
2019-07-26 13:57:37,488:INFO:flask_appbuilder.baseviews:Registering route /users/action/<string:name>/<pk> ['GET']
2019-07-26 13:57:37,488:INFO:flask_appbuilder.baseviews:Registering route /users/action_post ['POST']
2019-07-26 13:57:37,488:INFO:flask_appbuilder.baseviews:Registering route /users/add ['GET', 'POST']
2019-07-26 13:57:37,488:INFO:flask_appbuilder.baseviews:Registering route /users/api ['GET']
2019-07-26 13:57:37,488:INFO:flask_appbuilder.baseviews:Registering route /users/api/column/add/<col_name> ['GET']
2019-07-26 13:57:37,488:INFO:flask_appbuilder.baseviews:Registering route /users/api/column/edit/<col_name> ['GET']
2019-07-26 13:57:37,488:INFO:flask_appbuilder.baseviews:Registering route /users/api/create ['POST']
2019-07-26 13:57:37,488:INFO:flask_appbuilder.baseviews:Registering route /users/api/delete/<pk> ['DELETE']
2019-07-26 13:57:37,488:INFO:flask_appbuilder.baseviews:Registering route /users/api/get/<pk> ['GET']
2019-07-26 13:57:37,488:INFO:flask_appbuilder.baseviews:Registering route /users/api/read ['GET']
2019-07-26 13:57:37,488:INFO:flask_appbuilder.baseviews:Registering route /users/api/readvalues ['GET']
2019-07-26 13:57:37,488:INFO:flask_appbuilder.baseviews:Registering route /users/api/update/<pk> ['PUT']
2019-07-26 13:57:37,488:INFO:flask_appbuilder.baseviews:Registering route /users/delete/<pk> ('GET',)
2019-07-26 13:57:37,488:INFO:flask_appbuilder.baseviews:Registering route /users/download/<string:filename> ('GET',)
2019-07-26 13:57:37,488:INFO:flask_appbuilder.baseviews:Registering route /users/edit/<pk> ['GET', 'POST']
2019-07-26 13:57:37,488:INFO:flask_appbuilder.baseviews:Registering route /users/list/ ('GET',)
2019-07-26 13:57:37,488:INFO:flask_appbuilder.baseviews:Registering route /users/show/<pk> ['GET']
2019-07-26 13:57:37,488:INFO:flask_appbuilder.baseviews:Registering route /users/userinfo/ ('GET',)
2019-07-26 13:57:37,513:INFO:flask_appbuilder.base:Registering class RoleModelView on menu List Roles
2019-07-26 13:57:37,513:INFO:flask_appbuilder.baseviews:Registering route /roles/action/<string:name>/<pk> ['GET']
2019-07-26 13:57:37,513:INFO:flask_appbuilder.baseviews:Registering route /roles/action_post ['POST']
2019-07-26 13:57:37,513:INFO:flask_appbuilder.baseviews:Registering route /roles/add ['GET', 'POST']
2019-07-26 13:57:37,513:INFO:flask_appbuilder.baseviews:Registering route /roles/api ['GET']
2019-07-26 13:57:37,513:INFO:flask_appbuilder.baseviews:Registering route /roles/api/column/add/<col_name> ['GET']
2019-07-26 13:57:37,513:INFO:flask_appbuilder.baseviews:Registering route /roles/api/column/edit/<col_name> ['GET']
2019-07-26 13:57:37,513:INFO:flask_appbuilder.baseviews:Registering route /roles/api/create ['POST']
2019-07-26 13:57:37,513:INFO:flask_appbuilder.baseviews:Registering route /roles/api/delete/<pk> ['DELETE']
2019-07-26 13:57:37,513:INFO:flask_appbuilder.baseviews:Registering route /roles/api/get/<pk> ['GET']
2019-07-26 13:57:37,513:INFO:flask_appbuilder.baseviews:Registering route /roles/api/read ['GET']
2019-07-26 13:57:37,513:INFO:flask_appbuilder.baseviews:Registering route /roles/api/readvalues ['GET']
2019-07-26 13:57:37,514:INFO:flask_appbuilder.baseviews:Registering route /roles/api/update/<pk> ['PUT']
2019-07-26 13:57:37,514:INFO:flask_appbuilder.baseviews:Registering route /roles/delete/<pk> ('GET',)
2019-07-26 13:57:37,514:INFO:flask_appbuilder.baseviews:Registering route /roles/download/<string:filename> ('GET',)
2019-07-26 13:57:37,514:INFO:flask_appbuilder.baseviews:Registering route /roles/edit/<pk> ['GET', 'POST']
2019-07-26 13:57:37,514:INFO:flask_appbuilder.baseviews:Registering route /roles/list/ ('GET',)
2019-07-26 13:57:37,514:INFO:flask_appbuilder.baseviews:Registering route /roles/show/<pk> ['GET']
2019-07-26 13:57:37,535:INFO:flask_appbuilder.base:Registering class UserStatsChartView on menu User's Statistics
2019-07-26 13:57:37,535:INFO:flask_appbuilder.baseviews:Registering route /userstatschartview/chart/ ('GET',)
2019-07-26 13:57:37,535:INFO:flask_appbuilder.baseviews:Registering route /userstatschartview/chart/<group_by> ('GET',)
2019-07-26 13:57:37,547:INFO:flask_appbuilder.base:Registering class PermissionModelView on menu Base Permissions
2019-07-26 13:57:37,547:INFO:flask_appbuilder.baseviews:Registering route /permissions/action/<string:name>/<pk> ['GET']
2019-07-26 13:57:37,547:INFO:flask_appbuilder.baseviews:Registering route /permissions/action_post ['POST']
2019-07-26 13:57:37,547:INFO:flask_appbuilder.baseviews:Registering route /permissions/add ['GET', 'POST']
2019-07-26 13:57:37,547:INFO:flask_appbuilder.baseviews:Registering route /permissions/api ['GET']
2019-07-26 13:57:37,547:INFO:flask_appbuilder.baseviews:Registering route /permissions/api/column/add/<col_name> ['GET']
2019-07-26 13:57:37,547:INFO:flask_appbuilder.baseviews:Registering route /permissions/api/column/edit/<col_name> ['GET']
2019-07-26 13:57:37,547:INFO:flask_appbuilder.baseviews:Registering route /permissions/api/create ['POST']
2019-07-26 13:57:37,547:INFO:flask_appbuilder.baseviews:Registering route /permissions/api/delete/<pk> ['DELETE']
2019-07-26 13:57:37,547:INFO:flask_appbuilder.baseviews:Registering route /permissions/api/get/<pk> ['GET']
2019-07-26 13:57:37,547:INFO:flask_appbuilder.baseviews:Registering route /permissions/api/read ['GET']
2019-07-26 13:57:37,547:INFO:flask_appbuilder.baseviews:Registering route /permissions/api/readvalues ['GET']
2019-07-26 13:57:37,547:INFO:flask_appbuilder.baseviews:Registering route /permissions/api/update/<pk> ['PUT']
2019-07-26 13:57:37,547:INFO:flask_appbuilder.baseviews:Registering route /permissions/delete/<pk> ('GET',)
2019-07-26 13:57:37,547:INFO:flask_appbuilder.baseviews:Registering route /permissions/download/<string:filename> ('GET',)
2019-07-26 13:57:37,547:INFO:flask_appbuilder.baseviews:Registering route /permissions/edit/<pk> ['GET', 'POST']
2019-07-26 13:57:37,548:INFO:flask_appbuilder.baseviews:Registering route /permissions/list/ ('GET',)
2019-07-26 13:57:37,548:INFO:flask_appbuilder.baseviews:Registering route /permissions/show/<pk> ['GET']
2019-07-26 13:57:37,566:INFO:flask_appbuilder.base:Registering class ViewMenuModelView on menu Views/Menus
2019-07-26 13:57:37,566:INFO:flask_appbuilder.baseviews:Registering route /viewmenus/action/<string:name>/<pk> ['GET']
2019-07-26 13:57:37,567:INFO:flask_appbuilder.baseviews:Registering route /viewmenus/action_post ['POST']
2019-07-26 13:57:37,567:INFO:flask_appbuilder.baseviews:Registering route /viewmenus/add ['GET', 'POST']
2019-07-26 13:57:37,567:INFO:flask_appbuilder.baseviews:Registering route /viewmenus/api ['GET']
2019-07-26 13:57:37,567:INFO:flask_appbuilder.baseviews:Registering route /viewmenus/api/column/add/<col_name> ['GET']
2019-07-26 13:57:37,567:INFO:flask_appbuilder.baseviews:Registering route /viewmenus/api/column/edit/<col_name> ['GET']
2019-07-26 13:57:37,567:INFO:flask_appbuilder.baseviews:Registering route /viewmenus/api/create ['POST']
2019-07-26 13:57:37,567:INFO:flask_appbuilder.baseviews:Registering route /viewmenus/api/delete/<pk> ['DELETE']
2019-07-26 13:57:37,567:INFO:flask_appbuilder.baseviews:Registering route /viewmenus/api/get/<pk> ['GET']
2019-07-26 13:57:37,567:INFO:flask_appbuilder.baseviews:Registering route /viewmenus/api/read ['GET']
2019-07-26 13:57:37,567:INFO:flask_appbuilder.baseviews:Registering route /viewmenus/api/readvalues ['GET']
2019-07-26 13:57:37,567:INFO:flask_appbuilder.baseviews:Registering route /viewmenus/api/update/<pk> ['PUT']
2019-07-26 13:57:37,567:INFO:flask_appbuilder.baseviews:Registering route /viewmenus/delete/<pk> ('GET',)
2019-07-26 13:57:37,567:INFO:flask_appbuilder.baseviews:Registering route /viewmenus/download/<string:filename> ('GET',)
2019-07-26 13:57:37,567:INFO:flask_appbuilder.baseviews:Registering route /viewmenus/edit/<pk> ['GET', 'POST']
2019-07-26 13:57:37,567:INFO:flask_appbuilder.baseviews:Registering route /viewmenus/list/ ('GET',)
2019-07-26 13:57:37,567:INFO:flask_appbuilder.baseviews:Registering route /viewmenus/show/<pk> ['GET']
2019-07-26 13:57:37,586:INFO:flask_appbuilder.base:Registering class PermissionViewModelView on menu Permission on Views/Menus
2019-07-26 13:57:37,586:INFO:flask_appbuilder.baseviews:Registering route /permissionviews/action/<string:name>/<pk> ['GET']
2019-07-26 13:57:37,586:INFO:flask_appbuilder.baseviews:Registering route /permissionviews/action_post ['POST']
2019-07-26 13:57:37,586:INFO:flask_appbuilder.baseviews:Registering route /permissionviews/add ['GET', 'POST']
2019-07-26 13:57:37,586:INFO:flask_appbuilder.baseviews:Registering route /permissionviews/api ['GET']
2019-07-26 13:57:37,587:INFO:flask_appbuilder.baseviews:Registering route /permissionviews/api/column/add/<col_name> ['GET']
2019-07-26 13:57:37,587:INFO:flask_appbuilder.baseviews:Registering route /permissionviews/api/column/edit/<col_name> ['GET']
2019-07-26 13:57:37,587:INFO:flask_appbuilder.baseviews:Registering route /permissionviews/api/create ['POST']
2019-07-26 13:57:37,587:INFO:flask_appbuilder.baseviews:Registering route /permissionviews/api/delete/<pk> ['DELETE']
2019-07-26 13:57:37,587:INFO:flask_appbuilder.baseviews:Registering route /permissionviews/api/get/<pk> ['GET']
2019-07-26 13:57:37,587:INFO:flask_appbuilder.baseviews:Registering route /permissionviews/api/read ['GET']
2019-07-26 13:57:37,587:INFO:flask_appbuilder.baseviews:Registering route /permissionviews/api/readvalues ['GET']
2019-07-26 13:57:37,587:INFO:flask_appbuilder.baseviews:Registering route /permissionviews/api/update/<pk> ['PUT']
2019-07-26 13:57:37,587:INFO:flask_appbuilder.baseviews:Registering route /permissionviews/delete/<pk> ('GET',)
2019-07-26 13:57:37,587:INFO:flask_appbuilder.baseviews:Registering route /permissionviews/download/<string:filename> ('GET',)
2019-07-26 13:57:37,587:INFO:flask_appbuilder.baseviews:Registering route /permissionviews/edit/<pk> ['GET', 'POST']
2019-07-26 13:57:37,587:INFO:flask_appbuilder.baseviews:Registering route /permissionviews/list/ ('GET',)
2019-07-26 13:57:37,587:INFO:flask_appbuilder.baseviews:Registering route /permissionviews/show/<pk> ['GET']
2019-07-26 13:57:37,605:INFO:flask_appbuilder.base:Registering class OpenApi on menu 
2019-07-26 13:57:37,605:INFO:flask_appbuilder.api:Registering route /api/<version>/_openapi ('GET',)
2019-07-26 13:57:37,608:INFO:flask_appbuilder.base:Registering class SwaggerView on menu 
2019-07-26 13:57:37,608:INFO:flask_appbuilder.baseviews:Registering route /swaggerview/<version> ('GET',)
2019-07-26 13:57:37,644:INFO:flask_appbuilder.base:Registering class ContactModelApi on menu 
2019-07-26 13:57:37,649:INFO:flask_appbuilder.api:Registering route /api/v1/contact/<pk> ['DELETE']
2019-07-26 13:57:37,649:INFO:flask_appbuilder.api:Registering route /api/v1/contact/<pk> ['GET']
2019-07-26 13:57:37,649:INFO:flask_appbuilder.api:Registering route /api/v1/contact/ ['GET']
2019-07-26 13:57:37,649:INFO:flask_appbuilder.api:Registering route /api/v1/contact/_info ['GET']
2019-07-26 13:57:37,649:INFO:flask_appbuilder.api:Registering route /api/v1/contact/ ['POST']
2019-07-26 13:57:37,650:INFO:flask_appbuilder.api:Registering route /api/v1/contact/<pk> ['PUT']
2019-07-26 13:57:37,661:INFO:werkzeug: * Running on http://127.0.0.1:8080/ (Press CTRL+C to quit)
2019-07-26 13:57:41,948:INFO:werkzeug:127.0.0.1 - - [26/Jul/2019 13:57:41] "GET /api/v1/contact/1 HTTP/1.1" 200 -
2019-07-26 14:06:49,208:INFO:werkzeug:127.0.0.1 - - [26/Jul/2019 14:06:49] "GET / HTTP/1.1" 200 -
/opt/vol1/home/dpgaspar/workarea/preset/v_fab/lib/python3.6/site-packages/Flask_AppBuilder-2.1.7-py3.6.egg/flask_appbuilder/fields.py:182: UserWarning: allow_blank=True does not do anything for QuerySelectMultipleField.
  "allow_blank=True does not do anything for QuerySelectMultipleField."
2019-07-26 14:06:50,796:INFO:werkzeug:127.0.0.1 - - [26/Jul/2019 14:06:50] "GET /users/list/ HTTP/1.1" 200 -
2019-07-26 14:06:52,520:INFO:werkzeug:127.0.0.1 - - [26/Jul/2019 14:06:52] "GET / HTTP/1.1" 200 -
