Registering: Security . List Users at /users/list
Registering: Security . List Roles at /roles/list
Registering: Security . Base Permissions at /permissions/list
Registering: Security . Views/Menus at /viewmenus/list
Registering: Security . Permission on Views/Menus at /permissionviews/list
--------------------------------------------
EP: permissionviewgeneralview.list METH: HEAD,POST,OPTIONS,GET
/permissionviews/list/ set([])
--------------------------------------------
--------------------------------------------
EP: permissionviewgeneralview.add METH: HEAD,POST,OPTIONS,GET
/permissionviews/add set([])
--------------------------------------------
--------------------------------------------
EP: resetpasswordview.this_form_get METH: HEAD,OPTIONS,GET
/resetpassword/form set([])
--------------------------------------------
--------------------------------------------
EP: resetpasswordview.this_form_post METH: POST,OPTIONS
/resetpassword/form set([])
--------------------------------------------
--------------------------------------------
EP: permissiongeneralview.list METH: HEAD,POST,OPTIONS,GET
/permissions/list/ set([])
--------------------------------------------
--------------------------------------------
EP: permissiongeneralview.add METH: HEAD,POST,OPTIONS,GET
/permissions/add set([])
--------------------------------------------
--------------------------------------------
EP: viewmenugeneralview.list METH: HEAD,POST,OPTIONS,GET
/viewmenus/list/ set([])
--------------------------------------------
--------------------------------------------
EP: viewmenugeneralview.add METH: HEAD,POST,OPTIONS,GET
/viewmenus/add set([])
--------------------------------------------
--------------------------------------------
EP: usergeneralview.userinfo METH: HEAD,OPTIONS,GET
/users/userinfo/ set([])
--------------------------------------------
--------------------------------------------
EP: usergeneralview.list METH: HEAD,POST,OPTIONS,GET
/users/list/ set([])
--------------------------------------------
--------------------------------------------
EP: rolegeneralview.list METH: HEAD,POST,OPTIONS,GET
/roles/list/ set([])
--------------------------------------------
--------------------------------------------
EP: usergeneralview.add METH: HEAD,POST,OPTIONS,GET
/users/add set([])
--------------------------------------------
--------------------------------------------
EP: rolegeneralview.add METH: HEAD,POST,OPTIONS,GET
/roles/add set([])
--------------------------------------------
--------------------------------------------
EP: authview.logout METH: HEAD,OPTIONS,GET
/logout/ set([])
--------------------------------------------
--------------------------------------------
EP: indexview.index METH: HEAD,OPTIONS,GET
/index/ set([])
--------------------------------------------
--------------------------------------------
EP: authview.login METH: HEAD,POST,OPTIONS,GET
/login/ set([])
--------------------------------------------
--------------------------------------------
EP: indexview.index METH: HEAD,OPTIONS,GET
/ set([])
--------------------------------------------
--------------------------------------------
EP: permissionviewgeneralview.download METH: HEAD,OPTIONS,GET
/permissionviews/download/<string:filename> set(['filename'])
--------------------------------------------
--------------------------------------------
EP: permissionviewgeneralview.delete METH: HEAD,OPTIONS,GET
/permissionviews/delete/<int:id> set(['id'])
--------------------------------------------
--------------------------------------------
EP: permissionviewgeneralview.edit METH: HEAD,POST,OPTIONS,GET
/permissionviews/edit/<int:pk> set(['pk'])
--------------------------------------------
--------------------------------------------
EP: permissionviewgeneralview.show METH: HEAD,OPTIONS,GET
/permissionviews/show/<int:id> set(['id'])
--------------------------------------------
--------------------------------------------
EP: permissiongeneralview.download METH: HEAD,OPTIONS,GET
/permissions/download/<string:filename> set(['filename'])
-----------------------------Registering: Security . List Users at /users/list
Registering: Security . List Roles at /roles/list
Registering: Security . Base Permissions at /permissions/list
Registering: Security . Views/Menus at /viewmenus/list
Registering: Security . Permission on Views/Menus at /permissionviews/list
--------------------------------------------
EP: permissionviewgeneralview.list METH: HEAD,POST,OPTIONS,GET
/permissionviews/list/ set([])
--------------------------------------------
--------------------------------------------
EP: permissionviewgeneralview.add METH: HEAD,POST,OPTIONS,GET
/permissionviews/add set([])
--------------------------------------------
--------------------------------------------
EP: resetpasswordview.this_form_get METH: HEAD,OPTIONS,GET
/resetpassword/form set([])
--------------------------------------------
--------------------------------------------
EP: resetpasswordview.this_form_post METH: POST,OPTIONS
/resetpassword/form set([])
--------------------------------------------
--------------------------------------------
EP: permissiongeneralview.list METH: HEAD,POST,OPTIONS,GET
/permissions/list/ set([])
--------------------------------------------
--------------------------------------------
EP: permissiongeneralview.add METH: HEAD,POST,OPTIONS,GET
/permissions/add set([])
--------------------------------------------
--------------------------------------------
EP: viewmenugeneralview.list METH: HEAD,POST,OPTIONS,GET
/viewmenus/list/ set([])
--------------------------------------------
--------------------------------------------
EP: viewmenugeneralview.add METH: HEAD,POST,OPTIONS,GET
/viewmenus/add set([])
--------------------------------------------
--------------------------------------------
EP: usergeneralview.userinfo METH: HEAD,OPTIONS,GET
/users/userinfo/ set([])
--------------------------------------------
--------------------------------------------
EP: usergeneralview.list METH: HEAD,POST,OPTIONS,GET
/users/list/ set([])
--------------------------------------------
--------------------------------------------
EP: rolegeneralview.list METH: HEAD,POST,OPTIONS,GET
/roles/list/ set([])
--------------------------------------------
--------------------------------------------
EP: usergeneralview.add METH: HEAD,POST,OPTIONS,GET
/users/add set([])
--------------------------------------------
--------------------------------------------
EP: rolegeneralview.add METH: HEAD,POST,OPTIONS,GET
/roles/add set([])
--------------------------------------------
--------------------------------------------
EP: authview.logout METH: HEAD,OPTIONS,GET
/logout/ set([])
--------------------------------------------
--------------------------------------------
EP: indexview.index METH: HEAD,OPTIONS,GET
/index/ set([])
--------------------------------------------
--------------------------------------------
EP: authview.login METH: HEAD,POST,OPTIONS,GET
/login/ set([])
--------------------------------------------
--------------------------------------------
EP: indexview.index METH: HEAD,OPTIONS,GET
/ set([])
--------------------------------------------
--------------------------------------------
EP: permissionviewgeneralview.download METH: HEAD,OPTIONS,GET
/permissionviews/download/<string:filename> set(['filename'])
--------------------------------------------
--------------------------------------------
EP: permissionviewgeneralview.delete METH: HEAD,OPTIONS,GET
/permissionviews/delete/<int:id> set(['id'])
--------------------------------------------
--------------------------------------------
EP: permissionviewgeneralview.edit METH: HEAD,POST,OPTIONS,GET
/permissionviews/edit/<int:pk> set(['pk'])
--------------------------------------------
--------------------------------------------
EP: permissionviewgeneralview.show METH: HEAD,OPTIONS,GET
/permissionviews/show/<int:id> set(['id'])
--------------------------------------------
--------------------------------------------
EP: permissiongeneralview.download METH: HEAD,OPTIONS,GET
/permissions/download/<string:filename> set(['filename'])
-----------------------------